0 info it worked if it ends with ok
1 verbose cli [ 'node', '/usr/local/bin/npm', 'install' ]
2 info using npm@1.4.9
3 info using node@v0.10.28
4 verbose readDependencies using package.json deps
5 verbose install where, deps [ '/Users/will/Projects/PowerNode',
5 verbose install   [ 'Q', 'xml2js', 'tough-cookie' ] ]
6 info preinstall PowerNode@0.0.0
7 verbose readDependencies using package.json deps
8 verbose already installed skipping tough-cookie@0.12.1 /Users/will/Projects/PowerNode
9 verbose cache add [ 'Q@1.0.1', null ]
10 verbose cache add name=undefined spec="Q@1.0.1" args=["Q@1.0.1",null]
11 verbose parsed url { protocol: null,
11 verbose parsed url   slashes: null,
11 verbose parsed url   auth: null,
11 verbose parsed url   host: null,
11 verbose parsed url   port: null,
11 verbose parsed url   hostname: null,
11 verbose parsed url   hash: null,
11 verbose parsed url   search: null,
11 verbose parsed url   query: null,
11 verbose parsed url   pathname: 'Q@1.0.1',
11 verbose parsed url   path: 'Q@1.0.1',
11 verbose parsed url   href: 'Q@1.0.1' }
12 verbose cache add name="Q" spec="1.0.1" args=["Q","1.0.1"]
13 verbose parsed url { protocol: null,
13 verbose parsed url   slashes: null,
13 verbose parsed url   auth: null,
13 verbose parsed url   host: null,
13 verbose parsed url   port: null,
13 verbose parsed url   hostname: null,
13 verbose parsed url   hash: null,
13 verbose parsed url   search: null,
13 verbose parsed url   query: null,
13 verbose parsed url   pathname: '1.0.1',
13 verbose parsed url   path: '1.0.1',
13 verbose parsed url   href: '1.0.1' }
14 verbose addNamed [ 'Q', '1.0.1' ]
15 verbose addNamed [ '1.0.1', '1.0.1' ]
16 verbose already installed skipping xml2js@0.4.3 /Users/will/Projects/PowerNode
17 silly lockFile 5fc1aebd-Q-1-0-1 Q@1.0.1
18 verbose lock Q@1.0.1 /Users/will/.npm/5fc1aebd-Q-1-0-1.lock
19 verbose url raw Q
20 verbose url resolving [ 'https://registry.npmjs.org/', './Q' ]
21 verbose url resolved https://registry.npmjs.org/Q
22 info trying registry request attempt 1 at 12:19:58
23 http GET https://registry.npmjs.org/Q
24 http 404 https://registry.npmjs.org/Q
25 verbose headers { date: 'Tue, 03 Jun 2014 17:19:58 GMT',
25 verbose headers   server: 'CouchDB/1.5.0 (Erlang OTP/R14B04)',
25 verbose headers   'content-type': 'application/json',
25 verbose headers   via: '1.1 varnish',
25 verbose headers   'cache-control': 'max-age=0',
25 verbose headers   'content-length': '52',
25 verbose headers   'accept-ranges': 'bytes',
25 verbose headers   age: '0',
25 verbose headers   'x-served-by': 'cache-v44-ASH, cache-ord1734-ORD',
25 verbose headers   'x-cache': 'MISS, MISS',
25 verbose headers   'x-cache-hits': '0, 0',
25 verbose headers   'x-timer': 'S1401815998.443852,VS0,VE119',
25 verbose headers   'keep-alive': 'timeout=10, max=50',
25 verbose headers   connection: 'Keep-Alive' }
26 silly registry.get cb [ 404,
26 silly registry.get   { date: 'Tue, 03 Jun 2014 17:19:58 GMT',
26 silly registry.get     server: 'CouchDB/1.5.0 (Erlang OTP/R14B04)',
26 silly registry.get     'content-type': 'application/json',
26 silly registry.get     via: '1.1 varnish',
26 silly registry.get     'cache-control': 'max-age=0',
26 silly registry.get     'content-length': '52',
26 silly registry.get     'accept-ranges': 'bytes',
26 silly registry.get     age: '0',
26 silly registry.get     'x-served-by': 'cache-v44-ASH, cache-ord1734-ORD',
26 silly registry.get     'x-cache': 'MISS, MISS',
26 silly registry.get     'x-cache-hits': '0, 0',
26 silly registry.get     'x-timer': 'S1401815998.443852,VS0,VE119',
26 silly registry.get     'keep-alive': 'timeout=10, max=50',
26 silly registry.get     connection: 'Keep-Alive' } ]
27 silly lockFile 5fc1aebd-Q-1-0-1 Q@1.0.1
28 silly lockFile 5fc1aebd-Q-1-0-1 Q@1.0.1
29 error 404 404 Not Found: Q
29 error 404
29 error 404 'Q' is not in the npm registry.
29 error 404 You should bug the author to publish it
29 error 404 It was specified as a dependency of 'PowerNode'
29 error 404
29 error 404 Note that you can also install from a
29 error 404 tarball, folder, or http url, or git url.
30 error System Darwin 14.0.0
31 error command "node" "/usr/local/bin/npm" "install"
32 error cwd /Users/will/Projects/PowerNode
33 error node -v v0.10.28
34 error npm -v 1.4.9
35 error code E404
36 verbose exit [ 1, true ]
